PCAD Importer Log
Project : AY-3-8910.LibPkg

Section : E:\Projects\AY-3-8910.lia
    Section : PCB Library - AY-3-8910.PcbLib
        Section : Load Messages
            Warning - 1 : Skipping Token AY-3-8910 On Line 140
            Warning - 1 : Skipping Token attachedSymbol On Line 560
        EndSection

        Section : Import Messages
        EndSection
    EndSection

    Section : SCH Library - AY-3-8910.SchLib
        Section : Parsing Messages
            Warning - 1 : Skipping Token padStyleDef On Line 9
            Warning - 1 : Skipping Token multiLayer On Line 84
            Warning - 1 : Skipping Token layerContents On Line 126
            Warning - 1 : Skipping Token layerContents On Line 134
        EndSection

        Section : Generating SCH Library - AY-3-8910.SchLib
        EndSection
    EndSection
EndSection
